#
# There is insufficient memory for the Java Runtime Environment to continue.
# Native memory allocation (mmap) failed to map 134217728 bytes for Failed to commit area from 0x0000000081e00000 to 0x0000000089e00000 of length 134217728.
# Possible reasons:
#   The system is out of physical RAM or swap space
#   The process is running with CompressedOops enabled, and the Java Heap may be blocking the growth of the native heap
# Possible solutions:
#   Reduce memory load on the system
#   Increase physical memory or swap space
#   Check if swap backing store is full
#   Decrease Java heap size (-Xmx/-Xms)
#   Decrease number of Java threads
#   Decrease Java thread stack sizes (-Xss)
#   Set larger code cache with -XX:ReservedCodeCacheSize=
# This output file may be truncated or incomplete.
#
#  Out of Memory Error (src/hotspot/os/windows/os_windows.cpp:3627), pid=20212, tid=20724
#
# JRE version:  (11.0.15) (build )
# Java VM: OpenJDK 64-Bit Server VM (11.0.15+0-b2043.56-9505619, mixed mode, sharing, tiered, compressed oops, g1 gc, windows-amd64)
# No core dump will be written. Minidumps are not enabled by default on client versions of Windows
#

---------------  S U M M A R Y ------------

Command Line: git4idea.http.GitAskPassApp Username for 'https://github.com': 

Host: Intel(R) Core(TM) i5-8250U CPU @ 1.60GHz, 8 cores, 7G,  Windows 11 , 64 bit Build 22621 (10.0.22621.1344)
Time: Fri Mar 31 11:20:30 2023 India Standard Time elapsed time: 0.190776 seconds (0d 0h 0m 0s)

---------------  T H R E A D  ---------------

Current thread (0x000001b799c61800):  JavaThread "Unknown thread" [_thread_in_vm, id=20724, stack(0x000000b589600000,0x000000b589700000)]

Stack: [0x000000b589600000,0x000000b589700000]
Native frames: (J=compiled Java code, j=interpreted, Vv=VM code, C=native code)
V  [jvm.dll+0x64135a]
V  [jvm.dll+0x7d39f9]
V  [jvm.dll+0x7d51b9]
V  [jvm.dll+0x7d58a3]
V  [jvm.dll+0x2691c5]
V  [jvm.dll+0x63e4e9]
V  [jvm.dll+0x632985]
V  [jvm.dll+0x3231ac]
V  [jvm.dll+0x323032]
V  [jvm.dll+0x327c06]
V  [jvm.dll+0x36ffa2]
V  [jvm.dll+0x36fa01]
V  [jvm.dll+0x2fea28]
V  [jvm.dll+0x2ffb25]
V  [jvm.dll+0x7accd7]
V  [jvm.dll+0x7ae49f]
V  [jvm.dll+0x37d299]
V  [jvm.dll+0x78ef9f]
V  [jvm.dll+0x3ec847]
V  [jvm.dll+0x3eed31]
C  [jli.dll+0x52cb]
C  [ucrtbase.dll+0x29363]
C  [KERNEL32.DLL+0x126bd]
C  [ntdll.dll+0x5a9f8]


---------------  P R O C E S S  ---------------

Threads class SMR info:
_java_thread_list=0x000001b797a96720, length=0, elements={
}

Java Threads: ( => current thread )

Other Threads:
  0x000001b799c7a000 GCTaskThread "GC Thread#0" [stack: 0x000000b589700000,0x000000b589800000] [id=13324]
  0x000001b799cab800 ConcurrentGCThread "G1 Main Marker" [stack: 0x000000b589800000,0x000000b589900000] [id=19752]
  0x000001b799cae000 ConcurrentGCThread "G1 Conc#0" [stack: 0x000000b589900000,0x000000b589a00000] [id=19560]

[error occurred during error reporting (printing all threads), id 0xc0000005, EXCEPTION_ACCESS_VIOLATION (0xc0000005) at pc=0x00007ff8146ef3e7]

VM state:not at safepoint (not fully initialized)

VM Mutex/Monitor currently owned by a thread:  ([mutex/lock_event])
[0x000001b799c5eb00] Heap_lock - owner thread: 0x000001b799c61800

Heap address: 0x0000000081e00000, size: 2018 MB, Compressed Oops mode: Non-zero based: 0x0000000081e00000
Narrow klass base: 0x0000000000000000, Narrow klass shift: 0

GC Heap History (0 events):
No events

Deoptimization events (0 events):
No events

Classes redefined (0 events):
No events

Internal exceptions (0 events):
No events

Events (1 events):
Event: 0.008 Loaded shared library E:\AndroidStudio\jbr\bin\zip.dll


Dynamic libraries:
0x00007ff61f330000 - 0x00007ff61f33a000 	E:\AndroidStudio\jbr\bin\java.exe
0x00007ff857a90000 - 0x00007ff857ca4000 	C:\WINDOWS\SYSTEM32\ntdll.dll
0x00007ff857650000 - 0x00007ff857713000 	C:\WINDOWS\System32\KERNEL32.DLL
0x00007ff854ed0000 - 0x00007ff85526c000 	C:\WINDOWS\System32\KERNELBASE.dll
0x00007ff8552e0000 - 0x00007ff8553f1000 	C:\WINDOWS\System32\ucrtbase.dll
0x00007ff832b20000 - 0x00007ff832b3b000 	E:\AndroidStudio\jbr\bin\VCRUNTIME140.dll
0x00007ff8426f0000 - 0x00007ff842707000 	E:\AndroidStudio\jbr\bin\jli.dll
0x00007ff8577f0000 - 0x00007ff85799d000 	C:\WINDOWS\System32\USER32.dll
0x00007ff838e60000 - 0x00007ff8390ee000 	C:\WINDOWS\WinSxS\amd64_microsoft.windows.common-controls_6595b64144ccf1df_6.0.22621.608_none_a9444ca7c10bb01d\COMCTL32.dll
0x00007ff8557b0000 - 0x00007ff8557d6000 	C:\WINDOWS\System32\win32u.dll
0x00007ff8573b0000 - 0x00007ff857457000 	C:\WINDOWS\System32\msvcrt.dll
0x00007ff857340000 - 0x00007ff857369000 	C:\WINDOWS\System32\GDI32.dll
0x00007ff855690000 - 0x00007ff8557a3000 	C:\WINDOWS\System32\gdi32full.dll
0x00007ff855400000 - 0x00007ff85549a000 	C:\WINDOWS\System32\msvcp_win.dll
0x00007ff857370000 - 0x00007ff8573a1000 	C:\WINDOWS\System32\IMM32.DLL
0x00007ff846070000 - 0x00007ff84607c000 	E:\AndroidStudio\jbr\bin\vcruntime140_1.dll
0x00007ff832a90000 - 0x00007ff832b1d000 	E:\AndroidStudio\jbr\bin\msvcp140.dll
0x00007ff8143e0000 - 0x00007ff814f9c000 	E:\AndroidStudio\jbr\bin\server\jvm.dll
0x00007ff857740000 - 0x00007ff8577ee000 	C:\WINDOWS\System32\ADVAPI32.dll
0x00007ff856aa0000 - 0x00007ff856b44000 	C:\WINDOWS\System32\sechost.dll
0x00007ff855c90000 - 0x00007ff855da5000 	C:\WINDOWS\System32\RPCRT4.dll
0x00007ff856850000 - 0x00007ff856858000 	C:\WINDOWS\System32\PSAPI.DLL
0x00007ff84f710000 - 0x00007ff84f71a000 	C:\WINDOWS\SYSTEM32\VERSION.dll
0x00007ff8501c0000 - 0x00007ff8501c9000 	C:\WINDOWS\SYSTEM32\WSOCK32.dll
0x00007ff84cfa0000 - 0x00007ff84cfd4000 	C:\WINDOWS\SYSTEM32\WINMM.dll
0x00007ff856860000 - 0x00007ff8568d1000 	C:\WINDOWS\System32\WS2_32.dll
0x00007ff853f20000 - 0x00007ff853f38000 	C:\WINDOWS\SYSTEM32\kernel.appcore.dll
0x00007ff84ed70000 - 0x00007ff84ed80000 	E:\AndroidStudio\jbr\bin\verify.dll
0x00007ff852930000 - 0x00007ff852b5e000 	C:\WINDOWS\SYSTEM32\DBGHELP.DLL
0x00007ff855900000 - 0x00007ff855c89000 	C:\WINDOWS\System32\combase.dll
0x00007ff857460000 - 0x00007ff857537000 	C:\WINDOWS\System32\OLEAUT32.dll
0x00007ff842790000 - 0x00007ff8427c2000 	C:\WINDOWS\SYSTEM32\dbgcore.DLL
0x00007ff8554a0000 - 0x00007ff85551b000 	C:\WINDOWS\System32\bcryptPrimitives.dll
0x00007ff842760000 - 0x00007ff842788000 	E:\AndroidStudio\jbr\bin\java.dll
0x00007ff84e100000 - 0x00007ff84e10a000 	E:\AndroidStudio\jbr\bin\jimage.dll
0x00007ff83eed0000 - 0x00007ff83eee8000 	E:\AndroidStudio\jbr\bin\zip.dll

dbghelp: loaded successfully - version: 4.0.5 - missing functions: none
symbol engine: initialized successfully - sym options: 0x614 - pdb path: .;E:\AndroidStudio\jbr\bin;C:\WINDOWS\SYSTEM32;C:\WINDOWS\WinSxS\amd64_microsoft.windows.common-controls_6595b64144ccf1df_6.0.22621.608_none_a9444ca7c10bb01d;E:\AndroidStudio\jbr\bin\server

VM Arguments:
java_command: git4idea.http.GitAskPassApp Username for 'https://github.com': 
java_class_path (initial): E:/AndroidStudio/plugins/git4idea/lib/git4idea-rt.jar;E:/AndroidStudio/lib/externalProcess-rt.jar;E:/AndroidStudio/lib/app.jar;E:/AndroidStudio/lib/3rd-party-rt.jar
Launcher Type: SUN_STANDARD

[Global flags]
     intx CICompilerCount                          = 4                                         {product} {ergonomic}
     uint ConcGCThreads                            = 2                                         {product} {ergonomic}
     uint G1ConcRefinementThreads                  = 8                                         {product} {ergonomic}
   size_t G1HeapRegionSize                         = 1048576                                   {product} {ergonomic}
    uintx GCDrainStackTargetSize                   = 64                                        {product} {ergonomic}
   size_t InitialHeapSize                          = 134217728                                 {product} {ergonomic}
   size_t MarkStackSize                            = 4194304                                   {product} {ergonomic}
   size_t MaxHeapSize                              = 2116026368                                {product} {ergonomic}
   size_t MinHeapDeltaBytes                        = 1048576                                   {product} {ergonomic}
    uintx NonNMethodCodeHeapSize                   = 5836300                                {pd product} {ergonomic}
    uintx NonProfiledCodeHeapSize                  = 122910970                              {pd product} {ergonomic}
    uintx ProfiledCodeHeapSize                     = 122910970                              {pd product} {ergonomic}
    uintx ReservedCodeCacheSize                    = 251658240                              {pd product} {ergonomic}
     bool SegmentedCodeCache                       = true                                      {product} {ergonomic}
     bool UseCompressedClassPointers               = true                                 {lp64_product} {ergonomic}
     bool UseCompressedOops                        = true                                 {lp64_product} {ergonomic}
     bool UseG1GC                                  = true                                      {product} {ergonomic}
     bool UseLargePagesIndividualAllocation        = false                                  {pd product} {ergonomic}

Logging:
Log output configuration:
 #0: stdout all=warning uptime,level,tags
 #1: stderr all=off uptime,level,tags

Environment Variables:
PATH=C:/Program Files/Git/mingw64/libexec/git-core;C:/Program Files/Git/mingw64/libexec/git-core;C:\Program Files\Git\mingw64\bin;C:\Program Files\Git\usr\bin;C:\Users\Daniel Paul\bin;C:\WINDOWS\system32;C:\WINDOWS;C:\WINDOWS\system32\Wbem;E:\RAD Studio\Files\bin;C:\Users\Public\Documents\Embarcadero\Studio\22.0\Bpl;E:\RAD Studio\Files\bin64;C:\Users\Public\Documents\Embarcadero\Studio\22.0\Bpl\Win64;C:\Users\Daniel Paul\AppData\Roaming\ActiveState\bin;C:\WINDOWS\system32;C:\WINDOWS;C:\WINDOWS\system32\Wbem;C:\Program Files\Common Files\Oracle\Java\javapath;C:\Program Files (x86)\Common Files\Oracle\Java\javapath;C:\Program Files (x86)\Intel\Intel(R) Management Engine Components\iCLS\;C:\Program Files\Intel\Intel(R) Management Engine Components\iCLS\;C:\WINDOWS\System32\WindowsPowerShell\v1.0\;C:\WINDOWS\System32\OpenSSH\;C:\Program Files (x86)\Intel\Intel(R) Management Engine Components\DAL;C:\Program Files\Intel\Intel(R) Management Engine Components\DAL;C:\Program Files (x86)\Intel\Intel(R) Management Engine Components\IPT;C:\Program Files\Intel\Intel(R) Management Engine Components\IPT;C:\Program Files\Cloudflare\Cloudflare WARP;C:\platform-tools;C:\Users\Daniel Paul\AppData\Local\Programs\Python\Python310;C:\Users\Daniel Paul\AppData\Local\Programs\Python\Python310\Scripts;C:\Program Files\dotnet\;C:\Program Files (x86)\HP\Common\HPDestPlgIn\;C:\ProgramData\chocolatey\bin;C:\WINDOWS\System32\Wbem;C:\WINDOWS\System32\WindowsPowerShell\v1.0\;C:\WINDOWS\System32\OpenSSH\;C:\Program Files\Git\cmd;C:\Program Files\nodejs\;C:\Program Files (x86)\Yarn\bin\;C:\Users\Daniel Paul\AppData\Local\Microsoft\WindowsApps;C:\Users\Daniel Paul\AppData\Local\Programs\Microsoft VS Code\bin;C:\Program Files (x86)\HP\Common\HPDestPlgIn\;C:\Users\Daniel Paul\AppData\Local\Programs\Python\Python310;C:\Users\Daniel Paul\AppData\Roaming\npm;C:\Users\Daniel Paul\AppData\Local\Yarn\bin
USERNAME=Daniel Paul
DISPLAY=:0.0
LC_ALL=en_US.UTF-8
OS=Windows_NT
PROCESSOR_IDENTIFIER=Intel64 Family 6 Model 142 Stepping 10, GenuineIntel



---------------  S Y S T E M  ---------------

OS: Windows 11 , 64 bit Build 22621 (10.0.22621.1344)
OS uptime: 5 days 19:34 hours
Hyper-V role detected

CPU:total 8 (initial active 8) (4 cores per cpu, 2 threads per core) family 6 model 142 stepping 10 microcode 0xe0, cmov, cx8, fxsr, mmx, sse, sse2, sse3, ssse3, sse4.1, sse4.2, popcnt, avx, avx2, aes, clmul, erms, 3dnowpref, lzcnt, ht, tsc, tscinvbit, bmi1, bmi2, adx, fma

Memory: 4k page, system-wide physical 8071M (530M free)
TotalPageFile size 9095M (AvailPageFile size 66M)
current process WorkingSet (physical memory assigned to process): 10M, peak: 10M
current process commit charge ("private bytes"): 60M, peak: 188M

vm_info: OpenJDK 64-Bit Server VM (11.0.15+0-b2043.56-9505619) for windows-amd64 JRE (11.0.15+0-b2043.56-9505619), built on Jan 19 2023 02:48:00 by "builduser" with unknown MS VC++:1929

END.
